Build started 10/10/2017 18:33:12.
     1>Project "C:\Users\Taz\Documents\CODING PROJECTS\duality-sandbox\src\game\server\server_hl2mp.vcxproj" on node 2 (Rebuild target(s)).
     1>PreBuildEvent:
         if EXIST ..\..\..\game\mod_hl2mp\bin\.\server.dll for /f "delims=" %%A in ('attrib "..\..\..\game\mod_hl2mp\bin\.\server.dll"') do set valveTmpIsReadOnly="%%A"
         set valveTmpIsReadOnlyLetter=%valveTmpIsReadOnly:~6,1%
         if "%valveTmpIsReadOnlyLetter%"=="R" del /q "C:\Users\Taz\Documents\CODING PROJECTS\duality-sandbox\src\game\server\Debug_mod_hl2mp\"server.dll
         if exist "..\..\devtools\bin\vpc.exe" "..\..\devtools\bin\vpc.exe" -crc2 "server_hl2mp.vcxproj"
         if ERRORLEVEL 1 exit /b 1
         
         :VCEnd
       CustomBuild:
         Compiling pointeroverride.asm
          Assembling: C:\Users\Taz\Documents\CODING PROJECTS\duality-sandbox\src\public\tier0\pointeroverride.asm
         Microsoft (R) Macro Assembler Version 12.00.40629.0
         Copyright (C) Microsoft Corporation.  All rights reserved.
         
         Running VPC CRC Check - server_hl2mp.vpc
       ClCompile:
         C:\Program Files (x86)\Microsoft Visual Studio 12.0\VC\bin\CL.exe /c /I..\..\common /I..\..\public /I..\..\public\tier0 /I..\..\public\tier1 /I..\..\game\server\generated_proto_mod_hl2mp /I"..\..\thirdparty\protobuf-2.3.0\src" /I.\ /I..\..\game\shared /I..\..\utils\common /I..\..\game\shared\econ /I..\..\game\server\NextBot /I..\..\game\shared\hl2 /I.\hl2 /I.\hl2mp /I..\..\game\shared\hl2mp /ZI /nologo /W4 /WX /MP /Od /Oy- /D VPC /D RAD_TELEMETRY_DISABLED /D _HAS_ITERATOR_DEBUGGING=0 /D WIN32 /D _WIN32 /D _DEBUG /D DEBUG /D _WINDOWS /D _USRDLL /D _CRT_SECURE_NO_DEPRECATE /D _CRT_NONSTDC_NO_DEPRECATE /D _ALLOW_RUNTIME_LIBRARY_MISMATCH /D _ALLOW_ITERATOR_DEBUG_LEVEL_MISMATCH /D _ALLOW_MSC_VER_MISMATCH /D _WINDLL /D _MBCS /D COMPILER_MSVC32 /D COMPILER_MSVC32 /D COMPILER_MSVC /D _DLL_EXT=.dll /D DLLNAME=server /D BINK_VIDEO /D AVI_VIDEO /D WMV_VIDEO /D DEV_BUILD /D FRAME_POINTER_OMISSION_DISABLED /D GAME_DLL /D VECTOR /D VERSION_SAFE_STEAM_API_INTERFACES /D PROTECTED_THINGS_ENABLE /D sprintf=use_Q_snprintf_instead_of_sprintf /D strncpy=use_Q_strncpy_instead /D _snprintf=use_Q_snprintf_instead /D fopen=dont_use_fopen /D USE_NAV_MESH /D HL2MP /D HL2_DLL /D _EXTERNAL_DLL_EXT=.dll /D VPCGAMECAPS=HL2MP /D "PROJECTDIR=C:\Users\Taz\Documents\CODING PROJECTS\duality-sandbox\src\game\server" /D _DLL_EXT=.dll /D VPCGAME=hl2mp /D SOURCE1=1 /GF /Gm- /MTd /GS /arch:SSE /fp:fast /Zc:wchar_t /Zc:forScope /GR /Yc"cbase.h" /Fp".\Debug_mod_hl2mp\server.pch" /Fo".\Debug_mod_hl2mp\/" /Fd".\Debug_mod_hl2mp\/vc120.pdb" /Gd /TP /wd4316 /analyze- /FC /errorReport:prompt /Zm200 /Gw /Zc:inline stdafx.cpp
         stdafx.cpp
         C:\Program Files (x86)\Microsoft Visual Studio 12.0\VC\bin\CL.exe /c /I..\..\common /I..\..\public /I..\..\public\tier0 /I..\..\public\tier1 /I..\..\game\server\generated_proto_mod_hl2mp /I"..\..\thirdparty\protobuf-2.3.0\src" /I.\ /I..\..\game\shared /I..\..\utils\common /I..\..\game\shared\econ /I..\..\game\server\NextBot /I..\..\game\shared\hl2 /I.\hl2 /I.\hl2mp /I..\..\game\shared\hl2mp /ZI /nologo /W4 /WX /MP /Od /Oy- /D VPC /D RAD_TELEMETRY_DISABLED /D _HAS_ITERATOR_DEBUGGING=0 /D WIN32 /D _WIN32 /D _DEBUG /D DEBUG /D _WINDOWS /D _USRDLL /D _CRT_SECURE_NO_DEPRECATE /D _CRT_NONSTDC_NO_DEPRECATE /D _ALLOW_RUNTIME_LIBRARY_MISMATCH /D _ALLOW_ITERATOR_DEBUG_LEVEL_MISMATCH /D _ALLOW_MSC_VER_MISMATCH /D _WINDLL /D _MBCS /D COMPILER_MSVC32 /D COMPILER_MSVC32 /D COMPILER_MSVC /D _DLL_EXT=.dll /D DLLNAME=server /D BINK_VIDEO /D AVI_VIDEO /D WMV_VIDEO /D DEV_BUILD /D FRAME_POINTER_OMISSION_DISABLED /D GAME_DLL /D VECTOR /D VERSION_SAFE_STEAM_API_INTERFACES /D PROTECTED_THINGS_ENABLE /D sprintf=use_Q_snprintf_instead_of_sprintf /D strncpy=use_Q_strncpy_instead /D _snprintf=use_Q_snprintf_instead /D fopen=dont_use_fopen /D USE_NAV_MESH /D HL2MP /D HL2_DLL /D _EXTERNAL_DLL_EXT=.dll /D VPCGAMECAPS=HL2MP /D "PROJECTDIR=C:\Users\Taz\Documents\CODING PROJECTS\duality-sandbox\src\game\server" /D _DLL_EXT=.dll /D VPCGAME=hl2mp /D SOURCE1=1 /GF /Gm- /MTd /GS /arch:SSE /fp:fast /Zc:wchar_t /Zc:forScope /GR /Yu"cbase.h" /Fp".\Debug_mod_hl2mp\server.pch" /Fo".\Debug_mod_hl2mp\/" /Fd".\Debug_mod_hl2mp\/vc120.pdb" /Gd /TP /wd4316 /analyze- /FC /errorReport:prompt /Zm200 /Gw /Zc:inline gamedll_replay.cpp ..\..\game\shared\achievement_saverestore.cpp ..\..\game\shared\achievementmgr.cpp ..\..\game\shared\achievements_hlx.cpp ..\..\game\shared\activitylist.cpp ai_activity.cpp ai_baseactor.cpp ai_basehumanoid.cpp ai_basenpc.cpp ai_basenpc_flyer.cpp ai_basenpc_flyer_new.cpp ai_basenpc_movement.cpp ai_basenpc_physicsflyer.cpp ai_basenpc_schedule.cpp ai_basenpc_squad.cpp ai_behavior.cpp ai_behavior_assault.cpp ai_behavior_fear.cpp ai_behavior_follow.cpp ai_behavior_lead.cpp ai_behavior_rappel.cpp ai_behavior_standoff.cpp ai_blended_movement.cpp ai_concommands.cpp ai_condition.cpp AI_Criteria.cpp ai_default.cpp ai_dynamiclink.cpp ai_event.cpp ai_goalentity.cpp ai_hint.cpp ai_hull.cpp ai_initutils.cpp AI_Interest_Target.cpp ai_link.cpp ai_localnavigator.cpp ai_looktarget.cpp ai_memory.cpp ai_motor.cpp ai_moveprobe.cpp ai_moveshoot.cpp ai_movesolver.cpp ai_namespaces.cpp ai_navigator.cpp ai_network.cpp ai_networkmanager.cpp ai_node.cpp ai_pathfinder.cpp ai_planesolver.cpp ai_playerally.cpp ai_relationship.cpp AI_ResponseSystem.cpp ai_route.cpp ai_saverestore.cpp ai_schedule.cpp ai_scriptconditions.cpp ai_senses.cpp ai_sentence.cpp ai_speech.cpp ai_speechfilter.cpp ai_squad.cpp ai_squadslot.cpp ai_tacticalservices.cpp ai_task.cpp ai_trackpather.cpp ai_utils.cpp ai_waypoint.cpp ..\..\game\shared\ammodef.cpp ..\..\game\shared\animation.cpp ..\..\game\shared\base_playeranimstate.cpp base_transmit_proxy.cpp ..\..\game\shared\baseachievement.cpp baseanimating.cpp BaseAnimatingOverlay.cpp basecombatcharacter.cpp ..\..\game\shared\basecombatcharacter_shared.cpp basecombatweapon.cpp ..\..\game\shared\basecombatweapon_shared.cpp baseentity.cpp ..\..\game\shared\baseentity_shared.cpp baseflex.cpp basegrenade_concussion.cpp basegrenade_contact.cpp ..\..\game\shared\basegrenade_shared.cpp basegrenade_timed.cpp basemultiplayerplayer.cpp ..\..\game\shared\baseparticleentity.cpp ..\..\game\shared\baseplayer_shared.cpp ..\..\game\shared\baseprojectile.cpp baseviewmodel.cpp ..\..\game\shared\baseviewmodel_shared.cpp ..\..\game\shared\beam_shared.cpp bitstring.cpp bmodels.cpp buttons.cpp cbase.cpp client.cpp ..\..\game\shared\collisionproperty.cpp colorcorrection.cpp colorcorrectionvolume.cpp CommentarySystem.cpp controlentities.cpp cplane.cpp CRagdollMagnet.cpp damagemodifier.cpp ..\..\game\shared\death_pose.cpp ..\..\game\shared\debugoverlay_shared.cpp ..\..\game\shared\decals.cpp doors.cpp dynamiclight.cpp ..\..\game\shared\effect_dispatch_data.cpp effects.cpp EffectsServer.cpp ..\..\game\shared\ehandle.cpp entityblocker.cpp EntityDissolve.cpp EntityFlame.cpp entitylist.cpp ..\..\game\shared\entitylist_base.cpp EntityParticleTrail.cpp ..\..\game\shared\EntityParticleTrail_Shared.cpp env_debughistory.cpp ..\..\game\shared\env_detail_controller.cpp env_effectsscript.cpp env_entity_maker.cpp env_particlescript.cpp env_player_surface_trigger.cpp env_projectedtexture.cpp env_screenoverlay.cpp env_texturetoggle.cpp env_tonemap_controller.cpp ..\..\game\shared\env_wind_shared.cpp env_zoom.cpp EnvBeam.cpp EnvFade.cpp EnvHudHint.cpp EnvLaser.cpp EnvMessage.cpp envmicrophone.cpp EnvShake.cpp EnvSpark.cpp ..\..\game\shared\eventlist.cpp EventLog.cpp explode.cpp filters.cpp fire.cpp fire_smoke.cpp fish.cpp fogcontroller.cpp fourwheelvehiclephysics.cpp func_areaportal.cpp func_areaportalbase.cpp func_areaportalwindow.cpp func_break.cpp func_breakablesurf.cpp func_dust.cpp ..\..\game\shared\func_ladder.cpp func_ladder_endpoint.cpp func_lod.cpp hl2\Func_Monitor.cpp func_movelinear.cpp func_occluder.cpp func_reflective_glass.cpp func_smokevolume.cpp game.cpp game_ui.cpp gameinterface.cpp ..\..\game\shared\gamemovement.cpp ..\..\game\shared\gamerules.cpp ..\..\game\shared\gamerules_register.cpp ..\..\game\shared\GameStats.cpp ..\..\game\shared\gamestringpool.cpp gametrace_dll.cpp ..\..\game\shared\gamevars_shared.cpp gameweaponmanager.cpp genericactor.cpp genericmonster.cpp gib.cpp globals.cpp globalstate.cpp grenadethrown.cpp guntarget.cpp h_ai.cpp h_cycler.cpp ..\..\public\haptics\haptic_msgs.cpp ..\..\public\haptics\haptic_utils.cpp hierarchy.cpp ..\..\game\shared\hintmessage.cpp ..\..\game\shared\hintsystem.cpp hltvdirector.cpp ..\..\game\shared\igamesystem.cpp info_camera_link.cpp info_overlay_accessor.cpp intermission.cpp item_world.cpp lightglow.cpp lights.cpp logic_measure_movement.cpp logic_navigation.cpp logicauto.cpp logicentities.cpp logicrelay.cpp mapentities.cpp ..\..\game\shared\mapentities_shared.cpp maprules.cpp MaterialModifyControl.cpp message_entity.cpp modelentities.cpp ..\..\game\shared\ModelSoundsCache.cpp monstermaker.cpp movehelper_server.cpp movement.cpp ..\..\game\shared\movevars_shared.cpp ..\..\game\shared\mp_shareddefs.cpp ..\..\game\shared\multiplay_gamerules.cpp ndebugoverlay.cpp npc_vehicledriver.cpp ..\..\game\shared\obstacle_pushaway.cpp particle_light.cpp ..\..\game\shared\particle_parse.cpp particle_system.cpp ..\..\game\shared\particlesystemquery.cpp pathcorner.cpp pathtrack.cpp phys_controller.cpp physconstraint.cpp physics.cpp physics_bone_follower.cpp physics_cannister.cpp physics_fx.cpp physics_impact_damage.cpp physics_main.cpp ..\..\game\shared\physics_main_shared.cpp physics_npc_solver.cpp physics_prop_ragdoll.cpp ..\..\game\shared\physics_saverestore.cpp ..\..\game\shared\physics_shared.cpp physobj.cpp player.cpp player_command.cpp player_lagcompensation.cpp player_pickup.cpp player_resource.cpp playerinfomanager.cpp playerlocaldata.cpp plugin_check.cpp ..\..\game\shared\point_bonusmaps_accessor.cpp point_camera.cpp point_devshot_camera.cpp point_playermoveconstraint.cpp ..\..\game\shared\point_posecontroller.cpp point_spotlight.cpp point_template.cpp pointanglesensor.cpp PointAngularVelocitySensor.cpp pointhurt.cpp pointteleport.cpp ..\..\game\shared\precache_register.cpp ..\..\game\shared\predictableid.cpp ..\..\game\shared\predicted_viewmodel.cpp props.cpp ..\..\game\shared\props_shared.cpp ..\..\game\shared\querycache.cpp ragdoll_manager.cpp ..\..\game\shared\ragdoll_shared.cpp RagdollBoogie.cpp recipientfilter.cpp rope.cpp ..\..\game\shared\rope_helpers.cpp ..\..\game\shared\saverestore.cpp saverestore_gamedll.cpp ..\..\game\shared\SceneCache.cpp sceneentity.cpp ..\..\game\shared\sceneentity_shared.cpp scratchpad_gamedll_helpers.cpp scripted.cpp scriptedtarget.cpp sendproxy.cpp ..\..\game\shared\sequence_Transitioner.cpp ..\..\game\server\serverbenchmark_base.cpp ServerNetworkProperty.cpp shadowcontrol.cpp ..\..\game\shared\simtimer.cpp ..\..\game\shared\singleplay_gamerules.cpp SkyCamera.cpp slideshow_display.cpp sound.cpp ..\..\game\shared\SoundEmitterSystem.cpp soundent.cpp ..\..\game\shared\soundenvelope.cpp ..\..\public\SoundParametersInternal.cpp soundscape.cpp soundscape_system.cpp spotlightend.cpp ..\..\game\shared\Sprite.cpp sprite_perfmonitor.cpp ..\..\game\shared\studio_shared.cpp subs.cpp sun.cpp ..\..\game\shared\hl2\survival_gamerules.cpp tactical_mission.cpp ..\..\game\shared\takedamageinfo.cpp tanktrain.cpp team.cpp team_control_point.cpp team_control_point_master.cpp team_control_point_round.cpp team_objectiveresource.cpp team_spawnpoint.cpp team_train_watcher.cpp ..\..\game\shared\teamplay_gamerules.cpp ..\..\game\shared\teamplay_round_timer.cpp ..\..\game\shared\teamplayroundbased_gamerules.cpp TemplateEntities.cpp tempmonster.cpp tesla.cpp ..\..\game\shared\test_ehandle.cpp test_proxytoggle.cpp test_stressentities.cpp testfunctions.cpp testtraceline.cpp textstatsmgr.cpp timedeventmgr.cpp trains.cpp trigger_area_capture.cpp triggers.cpp ..\..\game\shared\usercmd.cpp util.cpp ..\..\game\shared\util_shared.cpp variant_t.cpp vehicle_base.cpp vehicle_baseserver.cpp ..\..\game\shared\vehicle_viewblend_shared.cpp vguiscreen.cpp ..\..\game\shared\voice_gamemgr.cpp ..\..\game\server\vote_controller.cpp waterbullet.cpp WaterLODControl.cpp wcedit.cpp ..\..\game\shared\weapon_parse.cpp ..\..\game\shared\weapon_proficiency.cpp weight_button.cpp world.cpp hl2\ai_allymanager.cpp hl2\ai_behavior_actbusy.cpp hl2\ai_behavior_functank.cpp hl2\ai_behavior_holster.cpp hl2\ai_behavior_police.cpp hl2\ai_goal_police.cpp hl2\ai_spotlight.cpp hl2\antlion_dust.cpp hl2\antlion_maker.cpp hl2\ar2_explosion.cpp basebludgeonweapon.cpp hl2\basehlcombatweapon.cpp ..\..\game\shared\hl2\basehlcombatweapon_shared.cpp hl2\cbasehelicopter.cpp hl2\cbasespriteprojectile.cpp hl2\citadel_effects.cpp hl2\combine_mine.cpp hl2\env_alyxemp.cpp hl2\env_headcrabcanister.cpp ..\..\game\shared\hl2\env_headcrabcanister_shared.cpp hl2\env_speaker.cpp hl2\env_starfield.cpp hl2\func_recharge.cpp hl2\func_tank.cpp hl2\grenade_ar2.cpp hl2\grenade_bugbait.cpp hl2\grenade_frag.cpp hl2\hl2_ai_network.cpp hl2\hl2_eventlog.cpp ..\..\game\shared\hl2\hl2_gamerules.cpp hl2\hl2_player.cpp hl2\hl2_playerlocaldata.cpp hl2\hl2_triggers.cpp ..\..\game\shared\hl2\hl2_usermessages.cpp ..\..\game\shared\hl2\hl_gamemovement.cpp hl2\hl_playermove.cpp hl2\info_teleporter_countdown.cpp hl2\item_ammo.cpp hl2\item_battery.cpp hl2\item_dynamic_resupply.cpp hl2\item_healthkit.cpp hl2\item_itemcrate.cpp hl2\item_suit.cpp hl2\look_door.cpp hl2\monster_dummy.cpp hl2\npc_alyx.cpp hl2\npc_antlion.cpp hl2\npc_antlionguard.cpp hl2\npc_apcdriver.cpp hl2\npc_attackchopper.cpp hl2\npc_barnacle.cpp hl2\npc_barney.cpp hl2\npc_basescanner.cpp hl2\npc_BaseZombie.cpp hl2\npc_breen.cpp hl2\npc_bullseye.cpp hl2\npc_citizen17.cpp hl2\npc_combine.cpp hl2\npc_combinecamera.cpp hl2\npc_combinedropship.cpp hl2\npc_combinegunship.cpp hl2\npc_combines.cpp hl2\npc_cranedriver.cpp hl2\npc_crow.cpp hl2\npc_dog.cpp hl2\npc_eli.cpp hl2\npc_enemyfinder.cpp hl2\npc_fisherman.cpp hl2\npc_gman.cpp hl2\npc_headcrab.cpp hl2\npc_ichthyosaur.cpp hl2\npc_kleiner.cpp hl2\npc_launcher.cpp hl2\npc_manhack.cpp hl2\npc_metropolice.cpp hl2\npc_monk.cpp hl2\npc_mossman.cpp hl2\npc_playercompanion.cpp hl2\npc_PoisonZombie.cpp hl2\npc_rollermine.cpp hl2\npc_scanner.cpp hl2\npc_stalker.cpp hl2\npc_strider.cpp npc_talker.cpp hl2\npc_turret_ceiling.cpp hl2\npc_turret_floor.cpp hl2\npc_turret_ground.cpp hl2\npc_vortigaunt_episodic.cpp hl2\npc_zombie.cpp hl2\point_apc_controller.cpp hl2\prop_combine_ball.cpp hl2\prop_thumper.cpp hl2\proto_sniper.cpp hl2\rotorwash.cpp hl2\script_intro.cpp ..\..\game\shared\script_intro_shared.cpp hl2\vehicle_airboat.cpp hl2\vehicle_crane.cpp hl2\vehicle_prisoner_pod.cpp hl2\vehicle_viewcontroller.cpp hl2\weapon_annabelle.cpp hl2\weapon_bugbait.cpp weapon_cubemap.cpp hl2\grenade_beam.cpp hl2\grenade_homer.cpp hl2\grenade_pathfollower.cpp hl2\npc_missiledefense.cpp hl2\vehicle_apc.cpp hl2\weapon_cguard.cpp hl2\weapon_flaregun.cpp hl2mp\hl2mp_bot_temp.cpp hl2mp\hl2mp_client.cpp hl2mp\hl2mp_cvars.cpp hl2mp\hl2mp_gameinterface.cpp ..\..\game\shared\hl2mp\hl2mp_gamerules.cpp hl2mp\hl2mp_player.cpp ..\..\game\shared\hl2mp\hl2mp_player_shared.cpp ..\..\game\shared\hl2mp\hl2mp_weapon_parse.cpp hl2mp\grenade_satchel.cpp hl2mp\grenade_tripmine.cpp hl2mp\te_hl2mp_shotgun_shot.cpp ..\..\game\shared\hl2mp\weapon_357.cpp ..\..\game\shared\hl2mp\weapon_ar2.cpp ..\..\game\shared\hl2mp\weapon_crossbow.cpp ..\..\game\shared\hl2mp\weapon_crowbar.cpp ..\..\game\shared\hl2mp\weapon_frag.cpp ..\..\game\shared\hl2mp\weapon_hl2mpbase.cpp ..\..\game\shared\hl2mp\weapon_hl2mpbase_machinegun.cpp ..\..\game\shared\hl2mp\weapon_hl2mpbasebasebludgeon.cpp ..\..\game\shared\hl2mp\weapon_hl2mpbasehlmpcombatweapon.cpp ..\..\game\shared\hl2mp\weapon_physcannon.cpp ..\..\game\shared\hl2mp\weapon_pistol.cpp ..\..\game\shared\hl2mp\weapon_rpg.cpp ..\..\game\shared\hl2mp\weapon_shotgun.cpp ..\..\game\shared\hl2mp\weapon_slam.cpp ..\..\game\shared\hl2mp\weapon_smg1.cpp ..\..\game\shared\hl2mp\weapon_stunstick.cpp nav_area.cpp nav_colors.cpp nav_edit.cpp nav_entities.cpp nav_file.cpp nav_generate.cpp nav_ladder.cpp nav_merge.cpp nav_mesh.cpp nav_mesh_factory.cpp nav_node.cpp nav_simplify.cpp basetempentity.cpp event_tempentity_tester.cpp movie_explosion.cpp particle_fire.cpp particle_smokegrenade.cpp plasma.cpp smoke_trail.cpp smokestack.cpp ..\..\game\shared\SpriteTrail.cpp steamjet.cpp te.cpp te_armorricochet.cpp te_basebeam.cpp te_beamentpoint.cpp te_beaments.cpp te_beamfollow.cpp te_beamlaser.cpp te_beampoints.cpp te_beamring.cpp te_beamringpoint.cpp te_beamspline.cpp te_bloodsprite.cpp te_bloodstream.cpp te_breakmodel.cpp te_bspdecal.cpp te_bubbles.cpp te_bubbletrail.cpp te_clientprojectile.cpp te_decal.cpp te_dynamiclight.cpp te_effect_dispatch.cpp te_energysplash.cpp te_explosion.cpp te_fizz.cpp te_footprintdecal.cpp hl2\te_gaussexplosion.cpp te_glassshatter.cpp te_glowsprite.cpp te_impact.cpp te_killplayerattachments.cpp te_largefunnel.cpp te_muzzleflash.cpp te_particlesystem.cpp te_physicsprop.cpp te_playerdecal.cpp te_projecteddecal.cpp te_showline.cpp te_smoke.cpp te_sparks.cpp te_sprite.cpp te_spritespray.cpp te_worlddecal.cpp ..\..\game\shared\usermessages.cpp entity_tools_server.cpp toolframework_server.cpp
         gamedll_replay.cpp
         achievement_saverestore.cpp
         achievementmgr.cpp
         achievements_hlx.cpp
         activitylist.cpp
         ai_activity.cpp
         ai_baseactor.cpp
         ai_basehumanoid.cpp
         ai_basenpc.cpp
         ai_basenpc_flyer.cpp
         ai_basenpc_flyer_new.cpp
         ai_basenpc_movement.cpp
         ai_basenpc_physicsflyer.cpp
         ai_basenpc_schedule.cpp
         ai_basenpc_squad.cpp
         ai_behavior.cpp
         ai_behavior_assault.cpp
         ai_behavior_fear.cpp
         ai_behavior_follow.cpp
         ai_behavior_lead.cpp
         ai_behavior_rappel.cpp
         ai_behavior_standoff.cpp
         ai_blended_movement.cpp
         ai_concommands.cpp
         ai_condition.cpp
         AI_Criteria.cpp
         ai_default.cpp
         ai_dynamiclink.cpp
         ai_event.cpp
         ai_goalentity.cpp
         ai_hint.cpp
         ai_hull.cpp
         ai_initutils.cpp
         AI_Interest_Target.cpp
         ai_link.cpp
         ai_localnavigator.cpp
         ai_looktarget.cpp
         ai_memory.cpp
         ai_motor.cpp
         ai_moveprobe.cpp
         ai_moveshoot.cpp
         ai_movesolver.cpp
         ai_namespaces.cpp
         ai_navigator.cpp
         ai_network.cpp
         ai_networkmanager.cpp
         ai_node.cpp
         ai_pathfinder.cpp
         ai_planesolver.cpp
         ai_playerally.cpp
         ai_relationship.cpp
         AI_ResponseSystem.cpp
         ai_route.cpp
         ai_saverestore.cpp
         ai_schedule.cpp
         ai_scriptconditions.cpp
         ai_senses.cpp
         ai_sentence.cpp
         ai_speech.cpp
         ai_speechfilter.cpp
         ai_squad.cpp
         ai_squadslot.cpp
         ai_tacticalservices.cpp
         ai_task.cpp
         ai_trackpather.cpp
         ai_utils.cpp
         ai_waypoint.cpp
         ammodef.cpp
         animation.cpp
         base_playeranimstate.cpp
         base_transmit_proxy.cpp
         baseachievement.cpp
         baseanimating.cpp
         BaseAnimatingOverlay.cpp
         basecombatcharacter.cpp
         basecombatcharacter_shared.cpp
         basecombatweapon.cpp
         basecombatweapon_shared.cpp
         baseentity.cpp
         baseentity_shared.cpp
         baseflex.cpp
         basegrenade_concussion.cpp
         basegrenade_contact.cpp
         basegrenade_shared.cpp
         basegrenade_timed.cpp
         basemultiplayerplayer.cpp
         baseparticleentity.cpp
         baseplayer_shared.cpp
         baseprojectile.cpp
         baseviewmodel.cpp
         baseviewmodel_shared.cpp
         beam_shared.cpp
         bitstring.cpp
         bmodels.cpp
         buttons.cpp
         cbase.cpp
         client.cpp
         collisionproperty.cpp
         colorcorrection.cpp
         colorcorrectionvolume.cpp
         CommentarySystem.cpp
         controlentities.cpp
         cplane.cpp
         CRagdollMagnet.cpp
         damagemodifier.cpp
         death_pose.cpp
         debugoverlay_shared.cpp
         decals.cpp
         doors.cpp
         dynamiclight.cpp
         effect_dispatch_data.cpp
         effects.cpp
         EffectsServer.cpp
         ehandle.cpp
         entityblocker.cpp
         EntityDissolve.cpp
         EntityFlame.cpp
         entitylist.cpp
         entitylist_base.cpp
         EntityParticleTrail.cpp
         EntityParticleTrail_Shared.cpp
         env_debughistory.cpp
         env_detail_controller.cpp
         env_effectsscript.cpp
         env_entity_maker.cpp
         env_particlescript.cpp
         env_player_surface_trigger.cpp
         env_projectedtexture.cpp
         env_screenoverlay.cpp
         env_texturetoggle.cpp
         env_tonemap_controller.cpp
         env_wind_shared.cpp
         env_zoom.cpp
         EnvBeam.cpp
         EnvFade.cpp
         EnvHudHint.cpp
         EnvLaser.cpp
         EnvMessage.cpp
         envmicrophone.cpp
         EnvShake.cpp
         EnvSpark.cpp
         eventlist.cpp
         EventLog.cpp
         explode.cpp
         filters.cpp
         fire.cpp
         fire_smoke.cpp
         fish.cpp
         fogcontroller.cpp
         fourwheelvehiclephysics.cpp
         func_areaportal.cpp
         func_areaportalbase.cpp
         func_areaportalwindow.cpp
         func_break.cpp
         func_breakablesurf.cpp
         func_dust.cpp
         func_ladder.cpp
         func_ladder_endpoint.cpp
         func_lod.cpp
         Func_Monitor.cpp
         func_movelinear.cpp
         func_occluder.cpp
         func_reflective_glass.cpp
         func_smokevolume.cpp
         game.cpp
         game_ui.cpp
         gameinterface.cpp
         gamemovement.cpp
         gamerules.cpp
         gamerules_register.cpp
         GameStats.cpp
         gamestringpool.cpp
         gametrace_dll.cpp
         gamevars_shared.cpp
         gameweaponmanager.cpp
         genericactor.cpp
         genericmonster.cpp
         gib.cpp
         globals.cpp
         globalstate.cpp
         grenadethrown.cpp
         guntarget.cpp
         h_ai.cpp
         h_cycler.cpp
         haptic_msgs.cpp
         haptic_utils.cpp
         hierarchy.cpp
         hintmessage.cpp
         hintsystem.cpp
         hltvdirector.cpp
         igamesystem.cpp
         info_camera_link.cpp
         info_overlay_accessor.cpp
         intermission.cpp
         item_world.cpp
         lightglow.cpp
         lights.cpp
         logic_measure_movement.cpp
         logic_navigation.cpp
         logicauto.cpp
         logicentities.cpp
         logicrelay.cpp
         mapentities.cpp
         mapentities_shared.cpp
         maprules.cpp
         MaterialModifyControl.cpp
         message_entity.cpp
         modelentities.cpp
         ModelSoundsCache.cpp
         monstermaker.cpp
         movehelper_server.cpp
         movement.cpp
         movevars_shared.cpp
         mp_shareddefs.cpp
         multiplay_gamerules.cpp
         ndebugoverlay.cpp
         npc_vehicledriver.cpp
         obstacle_pushaway.cpp
         particle_light.cpp
         particle_parse.cpp
         particle_system.cpp
         particlesystemquery.cpp
         pathcorner.cpp
         pathtrack.cpp
         phys_controller.cpp
         physconstraint.cpp
         physics.cpp
         physics_bone_follower.cpp
         physics_cannister.cpp
         physics_fx.cpp
         physics_impact_damage.cpp
         physics_main.cpp
         physics_main_shared.cpp
         physics_npc_solver.cpp
         physics_prop_ragdoll.cpp
         physics_saverestore.cpp
         physics_shared.cpp
         physobj.cpp
         player.cpp
         player_command.cpp
         player_lagcompensation.cpp
         player_pickup.cpp
         player_resource.cpp
         playerinfomanager.cpp
         playerlocaldata.cpp
         plugin_check.cpp
         point_bonusmaps_accessor.cpp
         point_camera.cpp
         point_devshot_camera.cpp
         point_playermoveconstraint.cpp
         point_posecontroller.cpp
         point_spotlight.cpp
         point_template.cpp
         pointanglesensor.cpp
         PointAngularVelocitySensor.cpp
         pointhurt.cpp
         pointteleport.cpp
         precache_register.cpp
         predictableid.cpp
         predicted_viewmodel.cpp
         props.cpp
         props_shared.cpp
         querycache.cpp
         ragdoll_manager.cpp
         ragdoll_shared.cpp
         RagdollBoogie.cpp
         recipientfilter.cpp
         rope.cpp
         rope_helpers.cpp
         saverestore.cpp
         saverestore_gamedll.cpp
         SceneCache.cpp
         sceneentity.cpp
         sceneentity_shared.cpp
         scratchpad_gamedll_helpers.cpp
         scripted.cpp
         scriptedtarget.cpp
         sendproxy.cpp
         sequence_Transitioner.cpp
         serverbenchmark_base.cpp
         ServerNetworkProperty.cpp
         shadowcontrol.cpp
         simtimer.cpp
         singleplay_gamerules.cpp
         SkyCamera.cpp
         slideshow_display.cpp
         sound.cpp
         SoundEmitterSystem.cpp
         soundent.cpp
         soundenvelope.cpp
         SoundParametersInternal.cpp
         soundscape.cpp
         soundscape_system.cpp
         spotlightend.cpp
         Sprite.cpp
         sprite_perfmonitor.cpp
         studio_shared.cpp
         subs.cpp
         sun.cpp
         survival_gamerules.cpp
         tactical_mission.cpp
         takedamageinfo.cpp
         tanktrain.cpp
         team.cpp
         team_control_point.cpp
         team_control_point_master.cpp
         team_control_point_round.cpp
         team_objectiveresource.cpp
         team_spawnpoint.cpp
         team_train_watcher.cpp
         teamplay_gamerules.cpp
         teamplay_round_timer.cpp
         teamplayroundbased_gamerules.cpp
         TemplateEntities.cpp
         tempmonster.cpp
         tesla.cpp
         test_ehandle.cpp
         test_proxytoggle.cpp
         test_stressentities.cpp
         testfunctions.cpp
         testtraceline.cpp
         textstatsmgr.cpp
         timedeventmgr.cpp
         trains.cpp
         trigger_area_capture.cpp
         triggers.cpp
         usercmd.cpp
         util.cpp
         util_shared.cpp
         variant_t.cpp
         vehicle_base.cpp
         vehicle_baseserver.cpp
         vehicle_viewblend_shared.cpp
         vguiscreen.cpp
         voice_gamemgr.cpp
         vote_controller.cpp
         waterbullet.cpp
         WaterLODControl.cpp
         wcedit.cpp
         weapon_parse.cpp
         weapon_proficiency.cpp
         weight_button.cpp
         world.cpp
         ai_allymanager.cpp
         ai_behavior_actbusy.cpp
         ai_behavior_functank.cpp
         ai_behavior_holster.cpp
         ai_behavior_police.cpp
         ai_goal_police.cpp
         ai_spotlight.cpp
         antlion_dust.cpp
         antlion_maker.cpp
         ar2_explosion.cpp
         basebludgeonweapon.cpp
         basehlcombatweapon.cpp
         basehlcombatweapon_shared.cpp
         cbasehelicopter.cpp
         cbasespriteprojectile.cpp
         citadel_effects.cpp
         combine_mine.cpp
         env_alyxemp.cpp
         env_headcrabcanister.cpp
         env_headcrabcanister_shared.cpp
         env_speaker.cpp
         env_starfield.cpp
         func_recharge.cpp
         func_tank.cpp
         grenade_ar2.cpp
         grenade_bugbait.cpp
         grenade_frag.cpp
         hl2_ai_network.cpp
         hl2_eventlog.cpp
         hl2_gamerules.cpp
         hl2_player.cpp
         hl2_playerlocaldata.cpp
         hl2_triggers.cpp
         hl2_usermessages.cpp
         hl_gamemovement.cpp
         hl_playermove.cpp
         info_teleporter_countdown.cpp
         item_ammo.cpp
         item_battery.cpp
         item_dynamic_resupply.cpp
         item_healthkit.cpp
         item_itemcrate.cpp
         item_suit.cpp
         look_door.cpp
         monster_dummy.cpp
         npc_alyx.cpp
         npc_antlion.cpp
         npc_antlionguard.cpp
         npc_apcdriver.cpp
         npc_attackchopper.cpp
         npc_barnacle.cpp
         npc_barney.cpp
         npc_basescanner.cpp
         npc_BaseZombie.cpp
         npc_breen.cpp
         npc_bullseye.cpp
         npc_citizen17.cpp
         npc_combine.cpp
         npc_combinecamera.cpp
         npc_combinedropship.cpp
         npc_combinegunship.cpp
         npc_combines.cpp
         npc_cranedriver.cpp
         npc_crow.cpp
         npc_dog.cpp
         npc_eli.cpp
         npc_enemyfinder.cpp
         npc_fisherman.cpp
         npc_gman.cpp
         npc_headcrab.cpp
         npc_ichthyosaur.cpp
         npc_kleiner.cpp
         npc_launcher.cpp
         npc_manhack.cpp
         npc_metropolice.cpp
         npc_monk.cpp
         npc_mossman.cpp
         npc_playercompanion.cpp
         npc_PoisonZombie.cpp
         npc_rollermine.cpp
         npc_scanner.cpp
         npc_stalker.cpp
         npc_strider.cpp
         npc_talker.cpp
         npc_turret_ceiling.cpp
         npc_turret_floor.cpp
         npc_turret_ground.cpp
         npc_vortigaunt_episodic.cpp
         npc_zombie.cpp
         point_apc_controller.cpp
         prop_combine_ball.cpp
         prop_thumper.cpp
         proto_sniper.cpp
         rotorwash.cpp
         script_intro.cpp
         script_intro_shared.cpp
         vehicle_airboat.cpp
         vehicle_crane.cpp
         vehicle_prisoner_pod.cpp
         vehicle_viewcontroller.cpp
         weapon_annabelle.cpp
         weapon_bugbait.cpp
         weapon_cubemap.cpp
         grenade_beam.cpp
         grenade_homer.cpp
         grenade_pathfollower.cpp
         npc_missiledefense.cpp
         vehicle_apc.cpp
         weapon_cguard.cpp
         weapon_flaregun.cpp
         hl2mp_bot_temp.cpp
         hl2mp_client.cpp
         hl2mp_cvars.cpp
         hl2mp_gameinterface.cpp
         hl2mp_gamerules.cpp
         hl2mp_player.cpp
         hl2mp_player_shared.cpp
         hl2mp_weapon_parse.cpp
         grenade_satchel.cpp
         grenade_tripmine.cpp
         te_hl2mp_shotgun_shot.cpp
         weapon_357.cpp
         weapon_ar2.cpp
         weapon_crossbow.cpp
         weapon_crowbar.cpp
         weapon_frag.cpp
         weapon_hl2mpbase.cpp
         weapon_hl2mpbase_machinegun.cpp
         weapon_hl2mpbasebasebludgeon.cpp
         weapon_hl2mpbasehlmpcombatweapon.cpp
         weapon_physcannon.cpp
         weapon_pistol.cpp
         weapon_rpg.cpp
         weapon_shotgun.cpp
         weapon_slam.cpp
         weapon_smg1.cpp
         weapon_stunstick.cpp
         nav_area.cpp
         nav_colors.cpp
         nav_edit.cpp
         nav_entities.cpp
         nav_file.cpp
         nav_generate.cpp
         nav_ladder.cpp
         nav_merge.cpp
         nav_mesh.cpp
         nav_mesh_factory.cpp
         nav_node.cpp
         nav_simplify.cpp
         basetempentity.cpp
         event_tempentity_tester.cpp
         movie_explosion.cpp
         particle_fire.cpp
         particle_smokegrenade.cpp
         plasma.cpp
         smoke_trail.cpp
         smokestack.cpp
         SpriteTrail.cpp
         steamjet.cpp
         te.cpp
         te_armorricochet.cpp
         te_basebeam.cpp
         te_beamentpoint.cpp
         te_beaments.cpp
         te_beamfollow.cpp
         te_beamlaser.cpp
         te_beampoints.cpp
         te_beamring.cpp
         te_beamringpoint.cpp
         te_beamspline.cpp
         te_bloodsprite.cpp
         te_bloodstream.cpp
         te_breakmodel.cpp
         te_bspdecal.cpp
         te_bubbles.cpp
         te_bubbletrail.cpp
         te_clientprojectile.cpp
         te_decal.cpp
         te_dynamiclight.cpp
         te_effect_dispatch.cpp
         te_energysplash.cpp
         te_explosion.cpp
         te_fizz.cpp
         te_footprintdecal.cpp
         te_gaussexplosion.cpp
         te_glassshatter.cpp
         te_glowsprite.cpp
         te_impact.cpp
         te_killplayerattachments.cpp
         te_largefunnel.cpp
         te_muzzleflash.cpp
         te_particlesystem.cpp
         te_physicsprop.cpp
         te_playerdecal.cpp
         te_projecteddecal.cpp
         te_showline.cpp
         te_smoke.cpp
         te_sparks.cpp
         te_sprite.cpp
         te_spritespray.cpp
         te_worlddecal.cpp
         usermessages.cpp
         entity_tools_server.cpp
         toolframework_server.cpp
         C:\Program Files (x86)\Microsoft Visual Studio 12.0\VC\bin\CL.exe /c /I..\..\common /I..\..\public /I..\..\public\tier0 /I..\..\public\tier1 /I..\..\game\server\generated_proto_mod_hl2mp /I"..\..\thirdparty\protobuf-2.3.0\src" /I.\ /I..\..\game\shared /I..\..\utils\common /I..\..\game\shared\econ /I..\..\game\server\NextBot /I..\..\game\shared\hl2 /I.\hl2 /I.\hl2mp /I..\..\game\shared\hl2mp /ZI /nologo /W4 /WX /MP /Od /Oy- /D VPC /D RAD_TELEMETRY_DISABLED /D _HAS_ITERATOR_DEBUGGING=0 /D WIN32 /D _WIN32 /D _DEBUG /D DEBUG /D _WINDOWS /D _USRDLL /D _CRT_SECURE_NO_DEPRECATE /D _CRT_NONSTDC_NO_DEPRECATE /D _ALLOW_RUNTIME_LIBRARY_MISMATCH /D _ALLOW_ITERATOR_DEBUG_LEVEL_MISMATCH /D _ALLOW_MSC_VER_MISMATCH /D _WINDLL /D _MBCS /D COMPILER_MSVC32 /D COMPILER_MSVC32 /D COMPILER_MSVC /D _DLL_EXT=.dll /D DLLNAME=server /D BINK_VIDEO /D AVI_VIDEO /D WMV_VIDEO /D DEV_BUILD /D FRAME_POINTER_OMISSION_DISABLED /D GAME_DLL /D VECTOR /D VERSION_SAFE_STEAM_API_INTERFACES /D PROTECTED_THINGS_ENABLE /D sprintf=use_Q_snprintf_instead_of_sprintf /D strncpy=use_Q_strncpy_instead /D _snprintf=use_Q_snprintf_instead /D fopen=dont_use_fopen /D USE_NAV_MESH /D HL2MP /D HL2_DLL /D _EXTERNAL_DLL_EXT=.dll /D VPCGAMECAPS=HL2MP /D "PROJECTDIR=C:\Users\Taz\Documents\CODING PROJECTS\duality-sandbox\src\game\server" /D _DLL_EXT=.dll /D VPCGAME=hl2mp /D SOURCE1=1 /GF /Gm- /MTd /GS /arch:SSE /fp:fast /Zc:wchar_t /Zc:forScope /GR /Fo".\Debug_mod_hl2mp\/" /Fd".\Debug_mod_hl2mp\/vc120.pdb" /Gd /TP /wd4316 /analyze- /FC /errorReport:prompt /Zm200 /Gw /Zc:inline ..\..\public\bone_setup.cpp ..\..\public\collisionutils.cpp ..\..\public\dt_send.cpp ..\..\public\dt_utlvector_common.cpp ..\..\public\dt_utlvector_send.cpp ..\..\public\editor_sendcommand.cpp ..\..\public\filesystem_helpers.cpp gamehandle.cpp GameStats_BasicStatsFunctions.cpp h_export.cpp init_factory.cpp ..\..\public\interpolatortypes.cpp ..\..\game\shared\interval.cpp ..\..\public\keyframe\keyframe.cpp ..\..\common\language.cpp ..\..\public\map_utils.cpp ..\..\public\tier0\memoverride.cpp ..\..\public\networkvar.cpp ..\..\common\randoverride.cpp ..\..\public\registry.cpp ..\..\public\rope_physics.cpp ..\..\public\scratchpad3d.cpp ..\..\public\ScratchPadUtils.cpp ..\..\public\server_class.cpp ..\..\game\shared\sheetsimulator.cpp ..\..\public\simple_physics.cpp ..\..\public\stringregistry.cpp ..\..\public\studio.cpp
         bone_setup.cpp
         collisionutils.cpp
         dt_send.cpp
         dt_utlvector_common.cpp
         dt_utlvector_send.cpp
         editor_sendcommand.cpp
         filesystem_helpers.cpp
         gamehandle.cpp
         GameStats_BasicStatsFunctions.cpp
         h_export.cpp
         init_factory.cpp
         interpolatortypes.cpp
         interval.cpp
         keyframe.cpp
         language.cpp
         map_utils.cpp
         memoverride.cpp
         networkvar.cpp
         randoverride.cpp
         registry.cpp
         rope_physics.cpp
         scratchpad3d.cpp
         ScratchPadUtils.cpp
         server_class.cpp
         sheetsimulator.cpp
         simple_physics.cpp
         stringregistry.cpp
         studio.cpp
       Link:
         C:\Program Files (x86)\Microsoft Visual Studio 12.0\VC\bin\link.exe /ERRORREPORT:PROMPT /OUT:".\Debug_mod_hl2mp\\server.dll" /INCREMENTAL /NOLOGO /LIBPATH:..\..\lib\common\. /LIBPATH:..\..\lib\public\. shell32.lib user32.lib advapi32.lib gdi32.lib comdlg32.lib ole32.lib winmm.lib /NODEFAULTLIB:libc /NODEFAULTLIB:libcd /NODEFAULTLIB:libcmt /NODEFAULTLIB:libcpmt /NODEFAULTLIB:libcpmt1 /MANIFEST:NO /DEBUG /PDB:".\Debug_mod_hl2mp\/server.pdb" /SUBSYSTEM:WINDOWS /TLBID:1 /DYNAMICBASE:NO /NXCOMPAT /IMPLIB:".\Debug_mod_hl2mp\server.lib" /MACHINE:X86 /SAFESEH:NO  /ignore:4221 /DLL .\Debug_mod_hl2mp\\pointeroverride.obj
         .\Debug_mod_hl2mp\/gamedll_replay.obj
         .\Debug_mod_hl2mp\/achievement_saverestore.obj
         .\Debug_mod_hl2mp\/achievementmgr.obj
         .\Debug_mod_hl2mp\/achievements_hlx.obj
         .\Debug_mod_hl2mp\/activitylist.obj
         .\Debug_mod_hl2mp\/ai_activity.obj
         .\Debug_mod_hl2mp\/ai_baseactor.obj
         .\Debug_mod_hl2mp\/ai_basehumanoid.obj
         .\Debug_mod_hl2mp\/ai_basenpc.obj
         .\Debug_mod_hl2mp\/ai_basenpc_flyer.obj
         .\Debug_mod_hl2mp\/ai_basenpc_flyer_new.obj
         .\Debug_mod_hl2mp\/ai_basenpc_movement.obj
         .\Debug_mod_hl2mp\/ai_basenpc_physicsflyer.obj
         .\Debug_mod_hl2mp\/ai_basenpc_schedule.obj
         .\Debug_mod_hl2mp\/ai_basenpc_squad.obj
         .\Debug_mod_hl2mp\/ai_behavior.obj
         .\Debug_mod_hl2mp\/ai_behavior_assault.obj
         .\Debug_mod_hl2mp\/ai_behavior_fear.obj
         .\Debug_mod_hl2mp\/ai_behavior_follow.obj
         .\Debug_mod_hl2mp\/ai_behavior_lead.obj
         .\Debug_mod_hl2mp\/ai_behavior_rappel.obj
         .\Debug_mod_hl2mp\/ai_behavior_standoff.obj
         .\Debug_mod_hl2mp\/ai_blended_movement.obj
         .\Debug_mod_hl2mp\/ai_concommands.obj
         .\Debug_mod_hl2mp\/ai_condition.obj
         .\Debug_mod_hl2mp\/AI_Criteria.obj
         .\Debug_mod_hl2mp\/ai_default.obj
         .\Debug_mod_hl2mp\/ai_dynamiclink.obj
         .\Debug_mod_hl2mp\/ai_event.obj
         .\Debug_mod_hl2mp\/ai_goalentity.obj
         .\Debug_mod_hl2mp\/ai_hint.obj
         .\Debug_mod_hl2mp\/ai_hull.obj
         .\Debug_mod_hl2mp\/ai_initutils.obj
         .\Debug_mod_hl2mp\/AI_Interest_Target.obj
         .\Debug_mod_hl2mp\/ai_link.obj
         .\Debug_mod_hl2mp\/ai_localnavigator.obj
         .\Debug_mod_hl2mp\/ai_looktarget.obj
         .\Debug_mod_hl2mp\/ai_memory.obj
         .\Debug_mod_hl2mp\/ai_motor.obj
         .\Debug_mod_hl2mp\/ai_moveprobe.obj
         .\Debug_mod_hl2mp\/ai_moveshoot.obj
         .\Debug_mod_hl2mp\/ai_movesolver.obj
         .\Debug_mod_hl2mp\/ai_namespaces.obj
         .\Debug_mod_hl2mp\/ai_navigator.obj
         .\Debug_mod_hl2mp\/ai_network.obj
         .\Debug_mod_hl2mp\/ai_networkmanager.obj
         .\Debug_mod_hl2mp\/ai_node.obj
         .\Debug_mod_hl2mp\/ai_pathfinder.obj
         .\Debug_mod_hl2mp\/ai_planesolver.obj
         .\Debug_mod_hl2mp\/ai_playerally.obj
         .\Debug_mod_hl2mp\/ai_relationship.obj
         .\Debug_mod_hl2mp\/AI_ResponseSystem.obj
         .\Debug_mod_hl2mp\/ai_route.obj
         .\Debug_mod_hl2mp\/ai_saverestore.obj
         .\Debug_mod_hl2mp\/ai_schedule.obj
         .\Debug_mod_hl2mp\/ai_scriptconditions.obj
         .\Debug_mod_hl2mp\/ai_senses.obj
         .\Debug_mod_hl2mp\/ai_sentence.obj
         .\Debug_mod_hl2mp\/ai_speech.obj
         .\Debug_mod_hl2mp\/ai_speechfilter.obj
         .\Debug_mod_hl2mp\/ai_squad.obj
         .\Debug_mod_hl2mp\/ai_squadslot.obj
         .\Debug_mod_hl2mp\/ai_tacticalservices.obj
         .\Debug_mod_hl2mp\/ai_task.obj
         .\Debug_mod_hl2mp\/ai_trackpather.obj
         .\Debug_mod_hl2mp\/ai_utils.obj
         .\Debug_mod_hl2mp\/ai_waypoint.obj
         .\Debug_mod_hl2mp\/ammodef.obj
         .\Debug_mod_hl2mp\/animation.obj
         .\Debug_mod_hl2mp\/base_playeranimstate.obj
         .\Debug_mod_hl2mp\/base_transmit_proxy.obj
         .\Debug_mod_hl2mp\/baseachievement.obj
         .\Debug_mod_hl2mp\/baseanimating.obj
         .\Debug_mod_hl2mp\/BaseAnimatingOverlay.obj
         .\Debug_mod_hl2mp\/basecombatcharacter.obj
         .\Debug_mod_hl2mp\/basecombatcharacter_shared.obj
         .\Debug_mod_hl2mp\/basecombatweapon.obj
         .\Debug_mod_hl2mp\/basecombatweapon_shared.obj
         .\Debug_mod_hl2mp\/baseentity.obj
         .\Debug_mod_hl2mp\/baseentity_shared.obj
         .\Debug_mod_hl2mp\/baseflex.obj
         .\Debug_mod_hl2mp\/basegrenade_concussion.obj
         .\Debug_mod_hl2mp\/basegrenade_contact.obj
         .\Debug_mod_hl2mp\/basegrenade_shared.obj
         .\Debug_mod_hl2mp\/basegrenade_timed.obj
         .\Debug_mod_hl2mp\/basemultiplayerplayer.obj
         .\Debug_mod_hl2mp\/baseparticleentity.obj
         .\Debug_mod_hl2mp\/baseplayer_shared.obj
         .\Debug_mod_hl2mp\/baseprojectile.obj
         .\Debug_mod_hl2mp\/baseviewmodel.obj
         .\Debug_mod_hl2mp\/baseviewmodel_shared.obj
         .\Debug_mod_hl2mp\/beam_shared.obj
         .\Debug_mod_hl2mp\/bitstring.obj
         .\Debug_mod_hl2mp\/bmodels.obj
         .\Debug_mod_hl2mp\/bone_setup.obj
         .\Debug_mod_hl2mp\/buttons.obj
         .\Debug_mod_hl2mp\/cbase.obj
         .\Debug_mod_hl2mp\/client.obj
         .\Debug_mod_hl2mp\/collisionproperty.obj
         .\Debug_mod_hl2mp\/collisionutils.obj
         .\Debug_mod_hl2mp\/colorcorrection.obj
         .\Debug_mod_hl2mp\/colorcorrectionvolume.obj
         .\Debug_mod_hl2mp\/CommentarySystem.obj
         .\Debug_mod_hl2mp\/controlentities.obj
         .\Debug_mod_hl2mp\/cplane.obj
         .\Debug_mod_hl2mp\/CRagdollMagnet.obj
         .\Debug_mod_hl2mp\/damagemodifier.obj
         .\Debug_mod_hl2mp\/death_pose.obj
         .\Debug_mod_hl2mp\/debugoverlay_shared.obj
         .\Debug_mod_hl2mp\/decals.obj
         .\Debug_mod_hl2mp\/doors.obj
         .\Debug_mod_hl2mp\/dt_send.obj
         .\Debug_mod_hl2mp\/dt_utlvector_common.obj
         .\Debug_mod_hl2mp\/dt_utlvector_send.obj
         .\Debug_mod_hl2mp\/dynamiclight.obj
         .\Debug_mod_hl2mp\/editor_sendcommand.obj
         .\Debug_mod_hl2mp\/effect_dispatch_data.obj
         .\Debug_mod_hl2mp\/effects.obj
         .\Debug_mod_hl2mp\/EffectsServer.obj
         .\Debug_mod_hl2mp\/ehandle.obj
         .\Debug_mod_hl2mp\/entityblocker.obj
         .\Debug_mod_hl2mp\/EntityDissolve.obj
         .\Debug_mod_hl2mp\/EntityFlame.obj
         .\Debug_mod_hl2mp\/entitylist.obj
         .\Debug_mod_hl2mp\/entitylist_base.obj
         .\Debug_mod_hl2mp\/EntityParticleTrail.obj
         .\Debug_mod_hl2mp\/EntityParticleTrail_Shared.obj
         .\Debug_mod_hl2mp\/env_debughistory.obj
         .\Debug_mod_hl2mp\/env_detail_controller.obj
         .\Debug_mod_hl2mp\/env_effectsscript.obj
         .\Debug_mod_hl2mp\/env_entity_maker.obj
         .\Debug_mod_hl2mp\/env_particlescript.obj
         .\Debug_mod_hl2mp\/env_player_surface_trigger.obj
         .\Debug_mod_hl2mp\/env_projectedtexture.obj
         .\Debug_mod_hl2mp\/env_screenoverlay.obj
         .\Debug_mod_hl2mp\/env_texturetoggle.obj
         .\Debug_mod_hl2mp\/env_tonemap_controller.obj
         .\Debug_mod_hl2mp\/env_wind_shared.obj
         .\Debug_mod_hl2mp\/env_zoom.obj
         .\Debug_mod_hl2mp\/EnvBeam.obj
         .\Debug_mod_hl2mp\/EnvFade.obj
         .\Debug_mod_hl2mp\/EnvHudHint.obj
         .\Debug_mod_hl2mp\/EnvLaser.obj
         .\Debug_mod_hl2mp\/EnvMessage.obj
         .\Debug_mod_hl2mp\/envmicrophone.obj
         .\Debug_mod_hl2mp\/EnvShake.obj
         .\Debug_mod_hl2mp\/EnvSpark.obj
         .\Debug_mod_hl2mp\/eventlist.obj
         .\Debug_mod_hl2mp\/EventLog.obj
         .\Debug_mod_hl2mp\/explode.obj
         .\Debug_mod_hl2mp\/filesystem_helpers.obj
         .\Debug_mod_hl2mp\/filters.obj
         .\Debug_mod_hl2mp\/fire.obj
         .\Debug_mod_hl2mp\/fire_smoke.obj
         .\Debug_mod_hl2mp\/fish.obj
         .\Debug_mod_hl2mp\/fogcontroller.obj
         .\Debug_mod_hl2mp\/fourwheelvehiclephysics.obj
         .\Debug_mod_hl2mp\/func_areaportal.obj
         .\Debug_mod_hl2mp\/func_areaportalbase.obj
         .\Debug_mod_hl2mp\/func_areaportalwindow.obj
         .\Debug_mod_hl2mp\/func_break.obj
         .\Debug_mod_hl2mp\/func_breakablesurf.obj
         .\Debug_mod_hl2mp\/func_dust.obj
         .\Debug_mod_hl2mp\/func_ladder.obj
         .\Debug_mod_hl2mp\/func_ladder_endpoint.obj
         .\Debug_mod_hl2mp\/func_lod.obj
         .\Debug_mod_hl2mp\/Func_Monitor.obj
         .\Debug_mod_hl2mp\/func_movelinear.obj
         .\Debug_mod_hl2mp\/func_occluder.obj
         .\Debug_mod_hl2mp\/func_reflective_glass.obj
         .\Debug_mod_hl2mp\/func_smokevolume.obj
         .\Debug_mod_hl2mp\/game.obj
         .\Debug_mod_hl2mp\/game_ui.obj
         .\Debug_mod_hl2mp\/gamehandle.obj
         .\Debug_mod_hl2mp\/gameinterface.obj
         .\Debug_mod_hl2mp\/gamemovement.obj
         .\Debug_mod_hl2mp\/gamerules.obj
         .\Debug_mod_hl2mp\/gamerules_register.obj
         .\Debug_mod_hl2mp\/GameStats.obj
         .\Debug_mod_hl2mp\/GameStats_BasicStatsFunctions.obj
         .\Debug_mod_hl2mp\/gamestringpool.obj
         .\Debug_mod_hl2mp\/gametrace_dll.obj
         .\Debug_mod_hl2mp\/gamevars_shared.obj
         .\Debug_mod_hl2mp\/gameweaponmanager.obj
         .\Debug_mod_hl2mp\/genericactor.obj
         .\Debug_mod_hl2mp\/genericmonster.obj
         .\Debug_mod_hl2mp\/gib.obj
         .\Debug_mod_hl2mp\/globals.obj
         .\Debug_mod_hl2mp\/globalstate.obj
         .\Debug_mod_hl2mp\/grenadethrown.obj
         .\Debug_mod_hl2mp\/guntarget.obj
         .\Debug_mod_hl2mp\/h_ai.obj
         .\Debug_mod_hl2mp\/h_cycler.obj
         .\Debug_mod_hl2mp\/h_export.obj
         .\Debug_mod_hl2mp\/haptic_msgs.obj
         .\Debug_mod_hl2mp\/haptic_utils.obj
         .\Debug_mod_hl2mp\/hierarchy.obj
         .\Debug_mod_hl2mp\/hintmessage.obj
         .\Debug_mod_hl2mp\/hintsystem.obj
         .\Debug_mod_hl2mp\/hltvdirector.obj
         .\Debug_mod_hl2mp\/igamesystem.obj
         .\Debug_mod_hl2mp\/info_camera_link.obj
         .\Debug_mod_hl2mp\/info_overlay_accessor.obj
         .\Debug_mod_hl2mp\/init_factory.obj
         .\Debug_mod_hl2mp\/intermission.obj
         .\Debug_mod_hl2mp\/interpolatortypes.obj
         .\Debug_mod_hl2mp\/interval.obj
         .\Debug_mod_hl2mp\/item_world.obj
         .\Debug_mod_hl2mp\/keyframe.obj
         .\Debug_mod_hl2mp\/language.obj
         .\Debug_mod_hl2mp\/lightglow.obj
         .\Debug_mod_hl2mp\/lights.obj
         .\Debug_mod_hl2mp\/logic_measure_movement.obj
         .\Debug_mod_hl2mp\/logic_navigation.obj
         .\Debug_mod_hl2mp\/logicauto.obj
         .\Debug_mod_hl2mp\/logicentities.obj
         .\Debug_mod_hl2mp\/logicrelay.obj
         .\Debug_mod_hl2mp\/map_utils.obj
         .\Debug_mod_hl2mp\/mapentities.obj
         .\Debug_mod_hl2mp\/mapentities_shared.obj
         .\Debug_mod_hl2mp\/maprules.obj
         .\Debug_mod_hl2mp\/MaterialModifyControl.obj
         .\Debug_mod_hl2mp\/memoverride.obj
         .\Debug_mod_hl2mp\/message_entity.obj
         .\Debug_mod_hl2mp\/modelentities.obj
         .\Debug_mod_hl2mp\/ModelSoundsCache.obj
         .\Debug_mod_hl2mp\/monstermaker.obj
         .\Debug_mod_hl2mp\/movehelper_server.obj
         .\Debug_mod_hl2mp\/movement.obj
         .\Debug_mod_hl2mp\/movevars_shared.obj
         .\Debug_mod_hl2mp\/mp_shareddefs.obj
         .\Debug_mod_hl2mp\/multiplay_gamerules.obj
         .\Debug_mod_hl2mp\/ndebugoverlay.obj
         .\Debug_mod_hl2mp\/networkvar.obj
         .\Debug_mod_hl2mp\/npc_vehicledriver.obj
         .\Debug_mod_hl2mp\/obstacle_pushaway.obj
         .\Debug_mod_hl2mp\/particle_light.obj
         .\Debug_mod_hl2mp\/particle_parse.obj
         .\Debug_mod_hl2mp\/particle_system.obj
         .\Debug_mod_hl2mp\/particlesystemquery.obj
         .\Debug_mod_hl2mp\/pathcorner.obj
         .\Debug_mod_hl2mp\/pathtrack.obj
         .\Debug_mod_hl2mp\/phys_controller.obj
         .\Debug_mod_hl2mp\/physconstraint.obj
         .\Debug_mod_hl2mp\/physics.obj
         .\Debug_mod_hl2mp\/physics_bone_follower.obj
         .\Debug_mod_hl2mp\/physics_cannister.obj
         .\Debug_mod_hl2mp\/physics_fx.obj
         .\Debug_mod_hl2mp\/physics_impact_damage.obj
         .\Debug_mod_hl2mp\/physics_main.obj
         .\Debug_mod_hl2mp\/physics_main_shared.obj
         .\Debug_mod_hl2mp\/physics_npc_solver.obj
         .\Debug_mod_hl2mp\/physics_prop_ragdoll.obj
         .\Debug_mod_hl2mp\/physics_saverestore.obj
         .\Debug_mod_hl2mp\/physics_shared.obj
         .\Debug_mod_hl2mp\/physobj.obj
         .\Debug_mod_hl2mp\/player.obj
         .\Debug_mod_hl2mp\/player_command.obj
         .\Debug_mod_hl2mp\/player_lagcompensation.obj
         .\Debug_mod_hl2mp\/player_pickup.obj
         .\Debug_mod_hl2mp\/player_resource.obj
         .\Debug_mod_hl2mp\/playerinfomanager.obj
         .\Debug_mod_hl2mp\/playerlocaldata.obj
         .\Debug_mod_hl2mp\/plugin_check.obj
         .\Debug_mod_hl2mp\/point_bonusmaps_accessor.obj
         .\Debug_mod_hl2mp\/point_camera.obj
         .\Debug_mod_hl2mp\/point_devshot_camera.obj
         .\Debug_mod_hl2mp\/point_playermoveconstraint.obj
         .\Debug_mod_hl2mp\/point_posecontroller.obj
         .\Debug_mod_hl2mp\/point_spotlight.obj
         .\Debug_mod_hl2mp\/point_template.obj
         .\Debug_mod_hl2mp\/pointanglesensor.obj
         .\Debug_mod_hl2mp\/PointAngularVelocitySensor.obj
         .\Debug_mod_hl2mp\/pointhurt.obj
         .\Debug_mod_hl2mp\/pointteleport.obj
         .\Debug_mod_hl2mp\/precache_register.obj
         .\Debug_mod_hl2mp\/predictableid.obj
         .\Debug_mod_hl2mp\/predicted_viewmodel.obj
         .\Debug_mod_hl2mp\/props.obj
         .\Debug_mod_hl2mp\/props_shared.obj
         .\Debug_mod_hl2mp\/querycache.obj
         .\Debug_mod_hl2mp\/ragdoll_manager.obj
         .\Debug_mod_hl2mp\/ragdoll_shared.obj
         .\Debug_mod_hl2mp\/RagdollBoogie.obj
         .\Debug_mod_hl2mp\/randoverride.obj
         .\Debug_mod_hl2mp\/recipientfilter.obj
         .\Debug_mod_hl2mp\/registry.obj
         .\Debug_mod_hl2mp\/rope.obj
         .\Debug_mod_hl2mp\/rope_helpers.obj
         .\Debug_mod_hl2mp\/rope_physics.obj
         .\Debug_mod_hl2mp\/saverestore.obj
         .\Debug_mod_hl2mp\/saverestore_gamedll.obj
         .\Debug_mod_hl2mp\/SceneCache.obj
         .\Debug_mod_hl2mp\/sceneentity.obj
         .\Debug_mod_hl2mp\/sceneentity_shared.obj
         .\Debug_mod_hl2mp\/scratchpad3d.obj
         .\Debug_mod_hl2mp\/scratchpad_gamedll_helpers.obj
         .\Debug_mod_hl2mp\/ScratchPadUtils.obj
         .\Debug_mod_hl2mp\/scripted.obj
         .\Debug_mod_hl2mp\/scriptedtarget.obj
         .\Debug_mod_hl2mp\/sendproxy.obj
         .\Debug_mod_hl2mp\/sequence_Transitioner.obj
         .\Debug_mod_hl2mp\/server_class.obj
         .\Debug_mod_hl2mp\/serverbenchmark_base.obj
         .\Debug_mod_hl2mp\/ServerNetworkProperty.obj
         .\Debug_mod_hl2mp\/shadowcontrol.obj
         .\Debug_mod_hl2mp\/sheetsimulator.obj
         .\Debug_mod_hl2mp\/simple_physics.obj
         .\Debug_mod_hl2mp\/simtimer.obj
         .\Debug_mod_hl2mp\/singleplay_gamerules.obj
         .\Debug_mod_hl2mp\/SkyCamera.obj
         .\Debug_mod_hl2mp\/slideshow_display.obj
         .\Debug_mod_hl2mp\/sound.obj
         .\Debug_mod_hl2mp\/SoundEmitterSystem.obj
         .\Debug_mod_hl2mp\/soundent.obj
         .\Debug_mod_hl2mp\/soundenvelope.obj
         .\Debug_mod_hl2mp\/SoundParametersInternal.obj
         .\Debug_mod_hl2mp\/soundscape.obj
         .\Debug_mod_hl2mp\/soundscape_system.obj
         .\Debug_mod_hl2mp\/spotlightend.obj
         .\Debug_mod_hl2mp\/Sprite.obj
         .\Debug_mod_hl2mp\/sprite_perfmonitor.obj
         .\Debug_mod_hl2mp\/stringregistry.obj
         .\Debug_mod_hl2mp\/studio.obj
         .\Debug_mod_hl2mp\/studio_shared.obj
         .\Debug_mod_hl2mp\/subs.obj
         .\Debug_mod_hl2mp\/sun.obj
         .\Debug_mod_hl2mp\/survival_gamerules.obj
         .\Debug_mod_hl2mp\/tactical_mission.obj
         .\Debug_mod_hl2mp\/takedamageinfo.obj
         .\Debug_mod_hl2mp\/tanktrain.obj
         .\Debug_mod_hl2mp\/team.obj
         .\Debug_mod_hl2mp\/team_control_point.obj
         .\Debug_mod_hl2mp\/team_control_point_master.obj
         .\Debug_mod_hl2mp\/team_control_point_round.obj
         .\Debug_mod_hl2mp\/team_objectiveresource.obj
         .\Debug_mod_hl2mp\/team_spawnpoint.obj
         .\Debug_mod_hl2mp\/team_train_watcher.obj
         .\Debug_mod_hl2mp\/teamplay_gamerules.obj
         .\Debug_mod_hl2mp\/teamplay_round_timer.obj
         .\Debug_mod_hl2mp\/teamplayroundbased_gamerules.obj
         .\Debug_mod_hl2mp\/TemplateEntities.obj
         .\Debug_mod_hl2mp\/tempmonster.obj
         .\Debug_mod_hl2mp\/tesla.obj
         .\Debug_mod_hl2mp\/test_ehandle.obj
         .\Debug_mod_hl2mp\/test_proxytoggle.obj
         .\Debug_mod_hl2mp\/test_stressentities.obj
         .\Debug_mod_hl2mp\/testfunctions.obj
         .\Debug_mod_hl2mp\/testtraceline.obj
         .\Debug_mod_hl2mp\/textstatsmgr.obj
         .\Debug_mod_hl2mp\/timedeventmgr.obj
         .\Debug_mod_hl2mp\/trains.obj
         .\Debug_mod_hl2mp\/trigger_area_capture.obj
         .\Debug_mod_hl2mp\/triggers.obj
         .\Debug_mod_hl2mp\/usercmd.obj
         .\Debug_mod_hl2mp\/util.obj
         .\Debug_mod_hl2mp\/util_shared.obj
         .\Debug_mod_hl2mp\/variant_t.obj
         .\Debug_mod_hl2mp\/vehicle_base.obj
         .\Debug_mod_hl2mp\/vehicle_baseserver.obj
         .\Debug_mod_hl2mp\/vehicle_viewblend_shared.obj
         .\Debug_mod_hl2mp\/vguiscreen.obj
         .\Debug_mod_hl2mp\/voice_gamemgr.obj
         .\Debug_mod_hl2mp\/vote_controller.obj
         .\Debug_mod_hl2mp\/waterbullet.obj
         .\Debug_mod_hl2mp\/WaterLODControl.obj
         .\Debug_mod_hl2mp\/wcedit.obj
         .\Debug_mod_hl2mp\/weapon_parse.obj
         .\Debug_mod_hl2mp\/weapon_proficiency.obj
         .\Debug_mod_hl2mp\/weight_button.obj
         .\Debug_mod_hl2mp\/world.obj
         .\Debug_mod_hl2mp\/ai_allymanager.obj
         .\Debug_mod_hl2mp\/ai_behavior_actbusy.obj
         .\Debug_mod_hl2mp\/ai_behavior_functank.obj
         .\Debug_mod_hl2mp\/ai_behavior_holster.obj
         .\Debug_mod_hl2mp\/ai_behavior_police.obj
         .\Debug_mod_hl2mp\/ai_goal_police.obj
         .\Debug_mod_hl2mp\/ai_spotlight.obj
         .\Debug_mod_hl2mp\/antlion_dust.obj
         .\Debug_mod_hl2mp\/antlion_maker.obj
         .\Debug_mod_hl2mp\/ar2_explosion.obj
         .\Debug_mod_hl2mp\/basebludgeonweapon.obj
         .\Debug_mod_hl2mp\/basehlcombatweapon.obj
         .\Debug_mod_hl2mp\/basehlcombatweapon_shared.obj
         .\Debug_mod_hl2mp\/cbasehelicopter.obj
         .\Debug_mod_hl2mp\/cbasespriteprojectile.obj
         .\Debug_mod_hl2mp\/citadel_effects.obj
         .\Debug_mod_hl2mp\/combine_mine.obj
         .\Debug_mod_hl2mp\/env_alyxemp.obj
         .\Debug_mod_hl2mp\/env_headcrabcanister.obj
         .\Debug_mod_hl2mp\/env_headcrabcanister_shared.obj
         .\Debug_mod_hl2mp\/env_speaker.obj
         .\Debug_mod_hl2mp\/env_starfield.obj
         .\Debug_mod_hl2mp\/func_recharge.obj
         .\Debug_mod_hl2mp\/func_tank.obj
         .\Debug_mod_hl2mp\/grenade_ar2.obj
         .\Debug_mod_hl2mp\/grenade_bugbait.obj
         .\Debug_mod_hl2mp\/grenade_frag.obj
         .\Debug_mod_hl2mp\/hl2_ai_network.obj
         .\Debug_mod_hl2mp\/hl2_eventlog.obj
         .\Debug_mod_hl2mp\/hl2_gamerules.obj
         .\Debug_mod_hl2mp\/hl2_player.obj
         .\Debug_mod_hl2mp\/hl2_playerlocaldata.obj
         .\Debug_mod_hl2mp\/hl2_triggers.obj
         .\Debug_mod_hl2mp\/hl2_usermessages.obj
         .\Debug_mod_hl2mp\/hl_gamemovement.obj
         .\Debug_mod_hl2mp\/hl_playermove.obj
         .\Debug_mod_hl2mp\/info_teleporter_countdown.obj
         .\Debug_mod_hl2mp\/item_ammo.obj
         .\Debug_mod_hl2mp\/item_battery.obj
         .\Debug_mod_hl2mp\/item_dynamic_resupply.obj
         .\Debug_mod_hl2mp\/item_healthkit.obj
         .\Debug_mod_hl2mp\/item_itemcrate.obj
         .\Debug_mod_hl2mp\/item_suit.obj
         .\Debug_mod_hl2mp\/look_door.obj
         .\Debug_mod_hl2mp\/monster_dummy.obj
         .\Debug_mod_hl2mp\/npc_alyx.obj
         .\Debug_mod_hl2mp\/npc_antlion.obj
         .\Debug_mod_hl2mp\/npc_antlionguard.obj
         .\Debug_mod_hl2mp\/npc_apcdriver.obj
         .\Debug_mod_hl2mp\/npc_attackchopper.obj
         .\Debug_mod_hl2mp\/npc_barnacle.obj
         .\Debug_mod_hl2mp\/npc_barney.obj
         .\Debug_mod_hl2mp\/npc_basescanner.obj
         .\Debug_mod_hl2mp\/npc_BaseZombie.obj
         .\Debug_mod_hl2mp\/npc_breen.obj
         .\Debug_mod_hl2mp\/npc_bullseye.obj
         .\Debug_mod_hl2mp\/npc_citizen17.obj
         .\Debug_mod_hl2mp\/npc_combine.obj
         .\Debug_mod_hl2mp\/npc_combinecamera.obj
         .\Debug_mod_hl2mp\/npc_combinedropship.obj
         .\Debug_mod_hl2mp\/npc_combinegunship.obj
         .\Debug_mod_hl2mp\/npc_combines.obj
         .\Debug_mod_hl2mp\/npc_cranedriver.obj
         .\Debug_mod_hl2mp\/npc_crow.obj
         .\Debug_mod_hl2mp\/npc_dog.obj
         .\Debug_mod_hl2mp\/npc_eli.obj
         .\Debug_mod_hl2mp\/npc_enemyfinder.obj
         .\Debug_mod_hl2mp\/npc_fisherman.obj
         .\Debug_mod_hl2mp\/npc_gman.obj
         .\Debug_mod_hl2mp\/npc_headcrab.obj
         .\Debug_mod_hl2mp\/npc_ichthyosaur.obj
         .\Debug_mod_hl2mp\/npc_kleiner.obj
         .\Debug_mod_hl2mp\/npc_launcher.obj
         .\Debug_mod_hl2mp\/npc_manhack.obj
         .\Debug_mod_hl2mp\/npc_metropolice.obj
         .\Debug_mod_hl2mp\/npc_monk.obj
         .\Debug_mod_hl2mp\/npc_mossman.obj
         .\Debug_mod_hl2mp\/npc_playercompanion.obj
         .\Debug_mod_hl2mp\/npc_PoisonZombie.obj
         .\Debug_mod_hl2mp\/npc_rollermine.obj
         .\Debug_mod_hl2mp\/npc_scanner.obj
         .\Debug_mod_hl2mp\/npc_stalker.obj
         .\Debug_mod_hl2mp\/npc_strider.obj
         .\Debug_mod_hl2mp\/npc_talker.obj
         .\Debug_mod_hl2mp\/npc_turret_ceiling.obj
         .\Debug_mod_hl2mp\/npc_turret_floor.obj
         .\Debug_mod_hl2mp\/npc_turret_ground.obj
         .\Debug_mod_hl2mp\/npc_vortigaunt_episodic.obj
         .\Debug_mod_hl2mp\/npc_zombie.obj
         .\Debug_mod_hl2mp\/point_apc_controller.obj
         .\Debug_mod_hl2mp\/prop_combine_ball.obj
         .\Debug_mod_hl2mp\/prop_thumper.obj
         .\Debug_mod_hl2mp\/proto_sniper.obj
         .\Debug_mod_hl2mp\/rotorwash.obj
         .\Debug_mod_hl2mp\/script_intro.obj
         .\Debug_mod_hl2mp\/script_intro_shared.obj
         .\Debug_mod_hl2mp\/vehicle_airboat.obj
         .\Debug_mod_hl2mp\/vehicle_crane.obj
         .\Debug_mod_hl2mp\/vehicle_prisoner_pod.obj
         .\Debug_mod_hl2mp\/vehicle_viewcontroller.obj
         .\Debug_mod_hl2mp\/weapon_annabelle.obj
         .\Debug_mod_hl2mp\/weapon_bugbait.obj
         .\Debug_mod_hl2mp\/weapon_cubemap.obj
         .\Debug_mod_hl2mp\/grenade_beam.obj
         .\Debug_mod_hl2mp\/grenade_homer.obj
         .\Debug_mod_hl2mp\/grenade_pathfollower.obj
         .\Debug_mod_hl2mp\/npc_missiledefense.obj
         .\Debug_mod_hl2mp\/vehicle_apc.obj
         .\Debug_mod_hl2mp\/weapon_cguard.obj
         .\Debug_mod_hl2mp\/weapon_flaregun.obj
         .\Debug_mod_hl2mp\/hl2mp_bot_temp.obj
         .\Debug_mod_hl2mp\/hl2mp_client.obj
         .\Debug_mod_hl2mp\/hl2mp_cvars.obj
         .\Debug_mod_hl2mp\/hl2mp_gameinterface.obj
         .\Debug_mod_hl2mp\/hl2mp_gamerules.obj
         .\Debug_mod_hl2mp\/hl2mp_player.obj
         .\Debug_mod_hl2mp\/hl2mp_player_shared.obj
         .\Debug_mod_hl2mp\/hl2mp_weapon_parse.obj
         .\Debug_mod_hl2mp\/grenade_satchel.obj
         .\Debug_mod_hl2mp\/grenade_tripmine.obj
         .\Debug_mod_hl2mp\/te_hl2mp_shotgun_shot.obj
         .\Debug_mod_hl2mp\/weapon_357.obj
         .\Debug_mod_hl2mp\/weapon_ar2.obj
         .\Debug_mod_hl2mp\/weapon_crossbow.obj
         .\Debug_mod_hl2mp\/weapon_crowbar.obj
         .\Debug_mod_hl2mp\/weapon_frag.obj
         .\Debug_mod_hl2mp\/weapon_hl2mpbase.obj
         .\Debug_mod_hl2mp\/weapon_hl2mpbase_machinegun.obj
         .\Debug_mod_hl2mp\/weapon_hl2mpbasebasebludgeon.obj
         .\Debug_mod_hl2mp\/weapon_hl2mpbasehlmpcombatweapon.obj
         .\Debug_mod_hl2mp\/weapon_physcannon.obj
         .\Debug_mod_hl2mp\/weapon_pistol.obj
         .\Debug_mod_hl2mp\/weapon_rpg.obj
         .\Debug_mod_hl2mp\/weapon_shotgun.obj
         .\Debug_mod_hl2mp\/weapon_slam.obj
         .\Debug_mod_hl2mp\/weapon_smg1.obj
         .\Debug_mod_hl2mp\/weapon_stunstick.obj
         .\Debug_mod_hl2mp\/nav_area.obj
         .\Debug_mod_hl2mp\/nav_colors.obj
         .\Debug_mod_hl2mp\/nav_edit.obj
         .\Debug_mod_hl2mp\/nav_entities.obj
         .\Debug_mod_hl2mp\/nav_file.obj
         .\Debug_mod_hl2mp\/nav_generate.obj
         .\Debug_mod_hl2mp\/nav_ladder.obj
         .\Debug_mod_hl2mp\/nav_merge.obj
         .\Debug_mod_hl2mp\/nav_mesh.obj
         .\Debug_mod_hl2mp\/nav_mesh_factory.obj
         .\Debug_mod_hl2mp\/nav_node.obj
         .\Debug_mod_hl2mp\/nav_simplify.obj
         .\Debug_mod_hl2mp\/stdafx.obj
         .\Debug_mod_hl2mp\/basetempentity.obj
         .\Debug_mod_hl2mp\/event_tempentity_tester.obj
         .\Debug_mod_hl2mp\/movie_explosion.obj
         .\Debug_mod_hl2mp\/particle_fire.obj
         .\Debug_mod_hl2mp\/particle_smokegrenade.obj
         .\Debug_mod_hl2mp\/plasma.obj
         .\Debug_mod_hl2mp\/smoke_trail.obj
         .\Debug_mod_hl2mp\/smokestack.obj
         .\Debug_mod_hl2mp\/SpriteTrail.obj
         .\Debug_mod_hl2mp\/steamjet.obj
         .\Debug_mod_hl2mp\/te.obj
         .\Debug_mod_hl2mp\/te_armorricochet.obj
         .\Debug_mod_hl2mp\/te_basebeam.obj
         .\Debug_mod_hl2mp\/te_beamentpoint.obj
         .\Debug_mod_hl2mp\/te_beaments.obj
         .\Debug_mod_hl2mp\/te_beamfollow.obj
         .\Debug_mod_hl2mp\/te_beamlaser.obj
         .\Debug_mod_hl2mp\/te_beampoints.obj
         .\Debug_mod_hl2mp\/te_beamring.obj
         .\Debug_mod_hl2mp\/te_beamringpoint.obj
         .\Debug_mod_hl2mp\/te_beamspline.obj
         .\Debug_mod_hl2mp\/te_bloodsprite.obj
         .\Debug_mod_hl2mp\/te_bloodstream.obj
         .\Debug_mod_hl2mp\/te_breakmodel.obj
         .\Debug_mod_hl2mp\/te_bspdecal.obj
         .\Debug_mod_hl2mp\/te_bubbles.obj
         .\Debug_mod_hl2mp\/te_bubbletrail.obj
         .\Debug_mod_hl2mp\/te_clientprojectile.obj
         .\Debug_mod_hl2mp\/te_decal.obj
         .\Debug_mod_hl2mp\/te_dynamiclight.obj
         .\Debug_mod_hl2mp\/te_effect_dispatch.obj
         .\Debug_mod_hl2mp\/te_energysplash.obj
         .\Debug_mod_hl2mp\/te_explosion.obj
         .\Debug_mod_hl2mp\/te_fizz.obj
         .\Debug_mod_hl2mp\/te_footprintdecal.obj
         .\Debug_mod_hl2mp\/te_gaussexplosion.obj
         .\Debug_mod_hl2mp\/te_glassshatter.obj
         .\Debug_mod_hl2mp\/te_glowsprite.obj
         .\Debug_mod_hl2mp\/te_impact.obj
         .\Debug_mod_hl2mp\/te_killplayerattachments.obj
         .\Debug_mod_hl2mp\/te_largefunnel.obj
         .\Debug_mod_hl2mp\/te_muzzleflash.obj
         .\Debug_mod_hl2mp\/te_particlesystem.obj
         .\Debug_mod_hl2mp\/te_physicsprop.obj
         .\Debug_mod_hl2mp\/te_playerdecal.obj
         .\Debug_mod_hl2mp\/te_projecteddecal.obj
         .\Debug_mod_hl2mp\/te_showline.obj
         .\Debug_mod_hl2mp\/te_smoke.obj
         .\Debug_mod_hl2mp\/te_sparks.obj
         .\Debug_mod_hl2mp\/te_sprite.obj
         .\Debug_mod_hl2mp\/te_spritespray.obj
         .\Debug_mod_hl2mp\/te_worlddecal.obj
         .\Debug_mod_hl2mp\/usermessages.obj
         .\Debug_mod_hl2mp\/entity_tools_server.obj
         .\Debug_mod_hl2mp\/toolframework_server.obj
         ..\..\lib\public\choreoobjects.lib
         ..\..\lib\public\dmxloader.lib
         ..\..\lib\public\libprotobuf.lib
         ..\..\lib\public\mathlib.lib
         ..\..\lib\public\particles.lib
         ..\..\lib\public\steam_api.lib
         ..\..\lib\public\tier0.lib
         ..\..\lib\public\tier1.lib
         ..\..\lib\public\tier2.lib
         ..\..\lib\public\tier3.lib
         ..\..\lib\public\vstdlib.lib
            Creating library .\Debug_mod_hl2mp\server.lib and object .\Debug_mod_hl2mp\server.exp
         server_hl2mp.vcxproj -> C:\Users\Taz\Documents\CODING PROJECTS\duality-sandbox\src\game\server\.\Debug_mod_hl2mp\server.dll
       PostBuildEvent:
         if not exist "..\..\..\game\mod_hl2mp\bin\." mkdir "..\..\..\game\mod_hl2mp\bin\."
         copy "C:\Users\Taz\Documents\CODING PROJECTS\duality-sandbox\src\game\server\Debug_mod_hl2mp\server.dll" "..\..\..\game\mod_hl2mp\bin\.\server.dll"
         if ERRORLEVEL 1 goto BuildEventFailed
         if exist "C:\Users\Taz\Documents\CODING PROJECTS\duality-sandbox\src\game\server\Debug_mod_hl2mp\server.map" copy "C:\Users\Taz\Documents\CODING PROJECTS\duality-sandbox\src\game\server\Debug_mod_hl2mp\server.map" ..\..\..\game\mod_hl2mp\bin\.\server.map
         copy "C:\Users\Taz\Documents\CODING PROJECTS\duality-sandbox\src\game\server\Debug_mod_hl2mp\server.pdb" ..\..\..\game\mod_hl2mp\bin\.\server.pdb
         if ERRORLEVEL 1 goto BuildEventFailed
         goto BuildEventOK
         :BuildEventFailed
         echo *** ERROR! PostBuildStep FAILED for Server (HL2MP)! EXE or DLL is probably running. ***
         del /q "C:\Users\Taz\Documents\CODING PROJECTS\duality-sandbox\src\game\server\Debug_mod_hl2mp\server.dll"
         exit 1
         :BuildEventOK
         
         :VCEnd
                 1 file(s) copied.
                 1 file(s) copied.
     1>Done Building Project "C:\Users\Taz\Documents\CODING PROJECTS\duality-sandbox\src\game\server\server_hl2mp.vcxproj" (Rebuild target(s)).

Build succeeded.

Time Elapsed 00:01:51.07
